<?xml version="1.0" encoding="UTF-8"?>
<!-- Generated by org.testng.reporters.JUnitXMLReporter -->
<testsuite ignored="8" hostname="Oviya" failures="0" tests="5" name="Test" time="32.915" errors="0" timestamp="2023-05-29T17:22:32 IST">
  <testcase classname="com.dk.testcases.VerifyTitleOfByAutomation" name="getBymatAutomationTitletest" time="5.303"/>
  <testcase classname="com.dk.testcases.VerifyInquiryRegisterTest1" name="getTitletest" time="3.885"/>
  <testcase classname="com.dk.testcases.VerifyInquiryRegisterTest" name="getInquiryRegisterdetails" time="3.229"/>
  <testcase classname="com.dk.testcases.VerifySeleniumButton" name="clickonSeleniumButtonTest" time="6.776"/>
  <testcase classname="com.dk.testcases.VerifySocialMediaLinkTest" name="AllSocialMediaLink" time="2.675"/>
  <testcase classname="com.dk.basetest.TestBase" name="@BeforeSuite setUP" time="0.0">
    <ignored/>
  </testcase> <!-- @BeforeSuite setUP -->
  <testcase classname="com.dk.basetest.TestBase" name="@BeforeSuite setUP" time="0.0">
    <ignored/>
  </testcase> <!-- @BeforeSuite setUP -->
  <testcase classname="com.dk.basetest.TestBase" name="@BeforeSuite setUP" time="0.0">
    <ignored/>
  </testcase> <!-- @BeforeSuite setUP -->
  <testcase classname="com.dk.basetest.TestBase" name="@BeforeSuite setUP" time="0.0">
    <ignored/>
  </testcase> <!-- @BeforeSuite setUP -->
  <testcase classname="com.dk.basetest.TestBase" name="@AfterSuite endTest" time="0.0">
    <ignored/>
  </testcase> <!-- @AfterSuite endTest -->
  <testcase classname="com.dk.basetest.TestBase" name="@AfterSuite endTest" time="0.0">
    <ignored/>
  </testcase> <!-- @AfterSuite endTest -->
  <testcase classname="com.dk.basetest.TestBase" name="@AfterSuite endTest" time="0.0">
    <ignored/>
  </testcase> <!-- @AfterSuite endTest -->
  <testcase classname="com.dk.basetest.TestBase" name="@AfterSuite endTest" time="0.0">
    <ignored/>
  </testcase> <!-- @AfterSuite endTest -->
</testsuite> <!-- Test -->
