<?xml version="1.0" encoding="UTF-8"?>
<testng-results ignored="0" total="1" passed="1" failed="0" skipped="0">
  <reporter-output>
  </reporter-output>
  <suite started-at="2023-05-28T14:49:12 IST" name="Default suite" finished-at="2023-05-28T14:49:13 IST" duration-ms="504">
    <groups>
    </groups>
    <test started-at="2023-05-28T14:49:12 IST" name="Default test" finished-at="2023-05-28T14:49:13 IST" duration-ms="504">
      <class name="com.dk.basic.ExcelUtils">
        <test-method signature="excelUtilTest()[pri:0, instance:com.dk.basic.ExcelUtils@6ca8564a]" started-at="2023-05-28T14:49:12 IST" name="excelUtilTest" finished-at="2023-05-28T14:49:13 IST" duration-ms="475" status="PASS">
          <reporter-output>
          </reporter-output>
        </test-method> <!-- excelUtilTest -->
      </class> <!-- com.dk.basic.ExcelUtils -->
    </test> <!-- Default test -->
  </suite> <!-- Default suite -->
</testng-results>
