<?xml version="1.0" encoding="UTF-8"?>
<testng-results ignored="0" total="1" passed="1" failed="0" skipped="0">
  <reporter-output>
  </reporter-output>
  <suite started-at="2023-05-27T23:53:31 IST" name="Default suite" finished-at="2023-05-27T23:53:31 IST" duration-ms="374">
    <groups>
    </groups>
    <test started-at="2023-05-27T23:53:31 IST" name="Default test" finished-at="2023-05-27T23:53:31 IST" duration-ms="374">
      <class name="com.dk.testcases.ExcelTest">
        <test-method signature="excel()[pri:0, instance:com.dk.testcases.ExcelTest@6ca8564a]" started-at="2023-05-27T23:53:31 IST" name="excel" finished-at="2023-05-27T23:53:31 IST" duration-ms="343" status="PASS">
          <reporter-output>
          </reporter-output>
        </test-method> <!-- excel -->
      </class> <!-- com.dk.testcases.ExcelTest -->
    </test> <!-- Default test -->
  </suite> <!-- Default suite -->
</testng-results>
