<?xml version="1.0" encoding="UTF-8"?>
<!-- Generated by org.testng.reporters.JUnitXMLReporter -->
<testsuite ignored="2" hostname="Oviya" failures="0" tests="3" name="Test" time="30.62" errors="0" timestamp="2023-05-27T01:28:54 IST">
  <testcase classname="com.dk.testcases.VerifyTitleOfByAutomation" name="getTitletest" time="5.636"/>
  <testcase classname="com.dk.testcases.VerifyInquiryRegisterTest1" name="getTitletest" time="5.93"/>
  <testcase classname="com.dk.testcases.VerifyInquiryRegisterTest" name="getTitletest" time="4.992"/>
  <testcase classname="com.dk.basetest.TestBase" name="@BeforeSuite setUP" time="0.0">
    <ignored/>
  </testcase> <!-- @BeforeSuite setUP -->
  <testcase classname="com.dk.basetest.TestBase" name="@BeforeSuite setUP" time="0.0">
    <ignored/>
  </testcase> <!-- @BeforeSuite setUP -->
</testsuite> <!-- Test -->
